{"C:\\workspace\\Provas\\kinvo-mobile-test\\mobile\\src\\components\\Field\\index.tsx": {"path":"C:\\workspace\\Provas\\kinvo-mobile-test\\mobile\\src\\components\\Field\\index.tsx","statementMap":{"0":{"start":{"line":23,"column":15},"end":{"line":34,"column":1}},"1":{"start":{"line":36,"column":36},"end":{"line":100,"column":1}},"2":{"start":{"line":45,"column":18},"end":{"line":45,"column":26}},"3":{"start":{"line":46,"column":16},"end":{"line":46,"column":18}},"4":{"start":{"line":48,"column":2},"end":{"line":66,"column":3}},"5":{"start":{"line":50,"column":6},"end":{"line":50,"column":56}},"6":{"start":{"line":51,"column":6},"end":{"line":51,"column":12}},"7":{"start":{"line":53,"column":6},"end":{"line":53,"column":54}},"8":{"start":{"line":54,"column":6},"end":{"line":54,"column":12}},"9":{"start":{"line":56,"column":6},"end":{"line":65,"column":7}},"10":{"start":{"line":56,"column":19},"end":{"line":56,"column":20}},"11":{"start":{"line":57,"column":8},"end":{"line":64,"column":10}},"12":{"start":{"line":68,"column":2},"end":{"line":99,"column":4}},"13":{"start":{"line":85,"column":46},"end":{"line":85,"column":50}}},"fnMap":{"0":{"name":"(anonymous_0)","decl":{"start":{"line":36,"column":36},"end":{"line":36,"column":37}},"loc":{"start":{"line":44,"column":6},"end":{"line":100,"column":1}},"line":44},"1":{"name":"(anonymous_1)","decl":{"start":{"line":85,"column":38},"end":{"line":85,"column":39}},"loc":{"start":{"line":85,"column":46},"end":{"line":85,"column":50}},"line":85}},"branchMap":{"0":{"loc":{"start":{"line":48,"column":2},"end":{"line":66,"column":3}},"type":"switch","locations":[{"start":{"line":49,"column":4},"end":{"line":51,"column":12}},{"start":{"line":52,"column":4},"end":{"line":54,"column":12}},{"start":{"line":55,"column":4},"end":{"line":65,"column":7}}],"line":48},"1":{"loc":{"start":{"line":60,"column":18},"end":{"line":60,"column":56}},"type":"cond-expr","locations":[{"start":{"line":60,"column":33},"end":{"line":60,"column":39}},{"start":{"line":60,"column":42},"end":{"line":60,"column":56}}],"line":60},"2":{"loc":{"start":{"line":62,"column":19},"end":{"line":62,"column":54}},"type":"binary-expr","locations":[{"start":{"line":62,"column":19},"end":{"line":62,"column":24}},{"start":{"line":62,"column":28},"end":{"line":62,"column":54}}],"line":62},"3":{"loc":{"start":{"line":71,"column":15},"end":{"line":71,"column":54}},"type":"binary-expr","locations":[{"start":{"line":71,"column":15},"end":{"line":71,"column":25}},{"start":{"line":71,"column":29},"end":{"line":71,"column":54}}],"line":71},"4":{"loc":{"start":{"line":72,"column":17},"end":{"line":72,"column":29}},"type":"binary-expr","locations":[{"start":{"line":72,"column":17},"end":{"line":72,"column":24}},{"start":{"line":72,"column":28},"end":{"line":72,"column":29}}],"line":72},"5":{"loc":{"start":{"line":77,"column":9},"end":{"line":83,"column":9}},"type":"binary-expr","locations":[{"start":{"line":77,"column":9},"end":{"line":77,"column":21}},{"start":{"line":78,"column":10},"end":{"line":82,"column":12}}],"line":77},"6":{"loc":{"start":{"line":81,"column":19},"end":{"line":81,"column":54}},"type":"binary-expr","locations":[{"start":{"line":81,"column":19},"end":{"line":81,"column":24}},{"start":{"line":81,"column":28},"end":{"line":81,"column":54}}],"line":81},"7":{"loc":{"start":{"line":84,"column":9},"end":{"line":96,"column":9}},"type":"cond-expr","locations":[{"start":{"line":85,"column":10},"end":{"line":85,"column":70}},{"start":{"line":87,"column":10},"end":{"line":95,"column":22}}],"line":84},"8":{"loc":{"start":{"line":89,"column":14},"end":{"line":90,"column":80}},"type":"binary-expr","locations":[{"start":{"line":89,"column":14},"end":{"line":89,"column":19}},{"start":{"line":90,"column":15},"end":{"line":90,"column":79}}],"line":89},"9":{"loc":{"start":{"line":90,"column":15},"end":{"line":90,"column":79}},"type":"cond-expr","locations":[{"start":{"line":90,"column":30},"end":{"line":90,"column":56}},{"start":{"line":90,"column":59},"end":{"line":90,"column":79}}],"line":90},"10":{"loc":{"start":{"line":92,"column":21},"end":{"line":92,"column":33}},"type":"binary-expr","locations":[{"start":{"line":92,"column":21},"end":{"line":92,"column":28}},{"start":{"line":92,"column":32},"end":{"line":92,"column":33}}],"line":92}},"s":{"0":0,"1":0,"2":0,"3":0,"4":0,"5":0,"6":0,"7":0,"8":0,"9":0,"10":0,"11":0,"12":0,"13":0},"f":{"0":0,"1":0},"b":{"0":[0,0,0],"1":[0,0],"2":[0,0],"3":[0,0],"4":[0,0],"5":[0,0],"6":[0,0],"7":[0,0],"8":[0,0],"9":[0,0],"10":[0,0]}}
,"C:\\workspace\\Provas\\kinvo-mobile-test\\mobile\\src\\components\\Header\\index.tsx": {"path":"C:\\workspace\\Provas\\kinvo-mobile-test\\mobile\\src\\components\\Header\\index.tsx","statementMap":{"0":{"start":{"line":12,"column":38},"end":{"line":25,"column":1}},"1":{"start":{"line":13,"column":21},"end":{"line":13,"column":36}},"2":{"start":{"line":15,"column":2},"end":{"line":24,"column":4}},"3":{"start":{"line":18,"column":59},"end":{"line":18,"column":78}}},"fnMap":{"0":{"name":"(anonymous_0)","decl":{"start":{"line":12,"column":38},"end":{"line":12,"column":39}},"loc":{"start":{"line":12,"column":73},"end":{"line":25,"column":1}},"line":12},"1":{"name":"(anonymous_1)","decl":{"start":{"line":18,"column":53},"end":{"line":18,"column":54}},"loc":{"start":{"line":18,"column":59},"end":{"line":18,"column":78}},"line":18}},"branchMap":{"0":{"loc":{"start":{"line":17,"column":7},"end":{"line":21,"column":7}},"type":"binary-expr","locations":[{"start":{"line":17,"column":7},"end":{"line":17,"column":13}},{"start":{"line":18,"column":8},"end":{"line":20,"column":23}}],"line":17}},"s":{"0":2,"1":4,"2":4,"3":1},"f":{"0":4,"1":1},"b":{"0":[4,1]},"_coverageSchema":"1a1c01bbd47fc00a2c39e90264f33305004495a9","hash":"72272137eb5330676edb8ad713053323c9597c63"}
,"C:\\workspace\\Provas\\kinvo-mobile-test\\mobile\\src\\components\\Status\\index.tsx": {"path":"C:\\workspace\\Provas\\kinvo-mobile-test\\mobile\\src\\components\\Status\\index.tsx","statementMap":{"0":{"start":{"line":14,"column":15},"end":{"line":25,"column":1}},"1":{"start":{"line":27,"column":40},"end":{"line":31,"column":1}},"2":{"start":{"line":28,"column":2},"end":{"line":30,"column":14}}},"fnMap":{"0":{"name":"(anonymous_0)","decl":{"start":{"line":27,"column":40},"end":{"line":27,"column":41}},"loc":{"start":{"line":28,"column":2},"end":{"line":30,"column":14}},"line":28}},"branchMap":{},"s":{"0":1,"1":1,"2":3},"f":{"0":3},"b":{},"_coverageSchema":"1a1c01bbd47fc00a2c39e90264f33305004495a9","hash":"e82f4587206e59fc1540fb2bfad8cae0a9b2b30b"}
,"C:\\workspace\\Provas\\kinvo-mobile-test\\mobile\\src\\pages\\Funds\\index.tsx": {"path":"C:\\workspace\\Provas\\kinvo-mobile-test\\mobile\\src\\pages\\Funds\\index.tsx","statementMap":{"0":{"start":{"line":35,"column":24},"end":{"line":131,"column":1}},"1":{"start":{"line":36,"column":28},"end":{"line":36,"column":54}},"2":{"start":{"line":37,"column":38},"end":{"line":37,"column":52}},"3":{"start":{"line":39,"column":2},"end":{"line":70,"column":19}},"4":{"start":{"line":41,"column":6},"end":{"line":41,"column":30}},"5":{"start":{"line":41,"column":23},"end":{"line":41,"column":30}},"6":{"start":{"line":43,"column":6},"end":{"line":65,"column":7}},"7":{"start":{"line":44,"column":23},"end":{"line":44,"column":61}},"8":{"start":{"line":46,"column":25},"end":{"line":46,"column":36}},"9":{"start":{"line":48,"column":8},"end":{"line":60,"column":11}},"10":{"start":{"line":49,"column":24},"end":{"line":49,"column":44}},"11":{"start":{"line":50,"column":24},"end":{"line":50,"column":44}},"12":{"start":{"line":51,"column":10},"end":{"line":53,"column":11}},"13":{"start":{"line":52,"column":12},"end":{"line":52,"column":22}},"14":{"start":{"line":54,"column":10},"end":{"line":56,"column":11}},"15":{"start":{"line":55,"column":12},"end":{"line":55,"column":21}},"16":{"start":{"line":59,"column":10},"end":{"line":59,"column":19}},"17":{"start":{"line":62,"column":8},"end":{"line":62,"column":23}},"18":{"start":{"line":66,"column":6},"end":{"line":66,"column":27}},"19":{"start":{"line":69,"column":4},"end":{"line":69,"column":16}},"20":{"start":{"line":72,"column":2},"end":{"line":130,"column":4}},"21":{"start":{"line":80,"column":29},"end":{"line":80,"column":48}},"22":{"start":{"line":84,"column":30},"end":{"line":84,"column":48}},"23":{"start":{"line":90,"column":10},"end":{"line":126,"column":22}}},"fnMap":{"0":{"name":"(anonymous_0)","decl":{"start":{"line":35,"column":24},"end":{"line":35,"column":25}},"loc":{"start":{"line":35,"column":30},"end":{"line":131,"column":1}},"line":35},"1":{"name":"(anonymous_1)","decl":{"start":{"line":39,"column":12},"end":{"line":39,"column":13}},"loc":{"start":{"line":39,"column":18},"end":{"line":70,"column":3}},"line":39},"2":{"name":"loadFunds","decl":{"start":{"line":40,"column":19},"end":{"line":40,"column":28}},"loc":{"start":{"line":40,"column":46},"end":{"line":67,"column":5}},"line":40},"3":{"name":"(anonymous_3)","decl":{"start":{"line":48,"column":18},"end":{"line":48,"column":19}},"loc":{"start":{"line":48,"column":28},"end":{"line":60,"column":9}},"line":48},"4":{"name":"(anonymous_4)","decl":{"start":{"line":80,"column":23},"end":{"line":80,"column":24}},"loc":{"start":{"line":80,"column":29},"end":{"line":80,"column":48}},"line":80},"5":{"name":"(anonymous_5)","decl":{"start":{"line":84,"column":22},"end":{"line":84,"column":23}},"loc":{"start":{"line":84,"column":30},"end":{"line":84,"column":48}},"line":84},"6":{"name":"(anonymous_6)","decl":{"start":{"line":89,"column":20},"end":{"line":89,"column":21}},"loc":{"start":{"line":90,"column":10},"end":{"line":126,"column":22}},"line":90}},"branchMap":{"0":{"loc":{"start":{"line":41,"column":6},"end":{"line":41,"column":30}},"type":"if","locations":[{"start":{"line":41,"column":6},"end":{"line":41,"column":30}},{"start":{"line":41,"column":6},"end":{"line":41,"column":30}}],"line":41},"1":{"loc":{"start":{"line":51,"column":10},"end":{"line":53,"column":11}},"type":"if","locations":[{"start":{"line":51,"column":10},"end":{"line":53,"column":11}},{"start":{"line":51,"column":10},"end":{"line":53,"column":11}}],"line":51},"2":{"loc":{"start":{"line":54,"column":10},"end":{"line":56,"column":11}},"type":"if","locations":[{"start":{"line":54,"column":10},"end":{"line":56,"column":11}},{"start":{"line":54,"column":10},"end":{"line":56,"column":11}}],"line":54},"3":{"loc":{"start":{"line":95,"column":15},"end":{"line":97,"column":15}},"type":"binary-expr","locations":[{"start":{"line":95,"column":15},"end":{"line":95,"column":30}},{"start":{"line":96,"column":16},"end":{"line":96,"column":70}}],"line":95},"4":{"loc":{"start":{"line":96,"column":30},"end":{"line":96,"column":66}},"type":"cond-expr","locations":[{"start":{"line":96,"column":50},"end":{"line":96,"column":55}},{"start":{"line":96,"column":58},"end":{"line":96,"column":66}}],"line":96},"5":{"loc":{"start":{"line":104,"column":21},"end":{"line":104,"column":62}},"type":"cond-expr","locations":[{"start":{"line":104,"column":41},"end":{"line":104,"column":50}},{"start":{"line":104,"column":53},"end":{"line":104,"column":62}}],"line":104},"6":{"loc":{"start":{"line":105,"column":23},"end":{"line":105,"column":50}},"type":"cond-expr","locations":[{"start":{"line":105,"column":43},"end":{"line":105,"column":46}},{"start":{"line":105,"column":49},"end":{"line":105,"column":50}}],"line":105},"7":{"loc":{"start":{"line":113,"column":23},"end":{"line":113,"column":50}},"type":"cond-expr","locations":[{"start":{"line":113,"column":43},"end":{"line":113,"column":46}},{"start":{"line":113,"column":49},"end":{"line":113,"column":50}}],"line":113},"8":{"loc":{"start":{"line":121,"column":23},"end":{"line":121,"column":50}},"type":"cond-expr","locations":[{"start":{"line":121,"column":43},"end":{"line":121,"column":46}},{"start":{"line":121,"column":49},"end":{"line":121,"column":50}}],"line":121}},"s":{"0":0,"1":0,"2":0,"3":0,"4":0,"5":0,"6":0,"7":0,"8":0,"9":0,"10":0,"11":0,"12":0,"13":0,"14":0,"15":0,"16":0,"17":0,"18":0,"19":0,"20":0,"21":0,"22":0,"23":0},"f":{"0":0,"1":0,"2":0,"3":0,"4":0,"5":0,"6":0},"b":{"0":[0,0],"1":[0,0],"2":[0,0],"3":[0,0],"4":[0,0],"5":[0,0],"6":[0,0],"7":[0,0],"8":[0,0]}}
,"C:\\workspace\\Provas\\kinvo-mobile-test\\mobile\\src\\pages\\Home\\index.tsx": {"path":"C:\\workspace\\Provas\\kinvo-mobile-test\\mobile\\src\\pages\\Home\\index.tsx","statementMap":{"0":{"start":{"line":22,"column":23},"end":{"line":72,"column":1}},"1":{"start":{"line":23,"column":21},"end":{"line":23,"column":36}},"2":{"start":{"line":25,"column":2},"end":{"line":71,"column":4}},"3":{"start":{"line":31,"column":25},"end":{"line":31,"column":54}},"4":{"start":{"line":43,"column":25},"end":{"line":43,"column":53}},"5":{"start":{"line":56,"column":25},"end":{"line":56,"column":56}}},"fnMap":{"0":{"name":"(anonymous_0)","decl":{"start":{"line":22,"column":23},"end":{"line":22,"column":24}},"loc":{"start":{"line":22,"column":29},"end":{"line":72,"column":1}},"line":22},"1":{"name":"(anonymous_1)","decl":{"start":{"line":31,"column":19},"end":{"line":31,"column":20}},"loc":{"start":{"line":31,"column":25},"end":{"line":31,"column":54}},"line":31},"2":{"name":"(anonymous_2)","decl":{"start":{"line":43,"column":19},"end":{"line":43,"column":20}},"loc":{"start":{"line":43,"column":25},"end":{"line":43,"column":53}},"line":43},"3":{"name":"(anonymous_3)","decl":{"start":{"line":56,"column":19},"end":{"line":56,"column":20}},"loc":{"start":{"line":56,"column":25},"end":{"line":56,"column":56}},"line":56}},"branchMap":{},"s":{"0":1,"1":3,"2":3,"3":1,"4":1,"5":1},"f":{"0":3,"1":1,"2":1,"3":1},"b":{},"_coverageSchema":"1a1c01bbd47fc00a2c39e90264f33305004495a9","hash":"f2a03ac345786ecb128c58b37adbfb1a01cc2a38"}
,"C:\\workspace\\Provas\\kinvo-mobile-test\\mobile\\src\\pages\\Pensions\\index.tsx": {"path":"C:\\workspace\\Provas\\kinvo-mobile-test\\mobile\\src\\pages\\Pensions\\index.tsx","statementMap":{"0":{"start":{"line":43,"column":27},"end":{"line":177,"column":1}},"1":{"start":{"line":44,"column":34},"end":{"line":44,"column":62}},"2":{"start":{"line":45,"column":38},"end":{"line":45,"column":52}},"3":{"start":{"line":46,"column":32},"end":{"line":50,"column":4}},"4":{"start":{"line":52,"column":2},"end":{"line":98,"column":19}},"5":{"start":{"line":54,"column":6},"end":{"line":54,"column":30}},"6":{"start":{"line":54,"column":23},"end":{"line":54,"column":30}},"7":{"start":{"line":56,"column":6},"end":{"line":92,"column":7}},"8":{"start":{"line":57,"column":23},"end":{"line":57,"column":66}},"9":{"start":{"line":59,"column":23},"end":{"line":59,"column":34}},"10":{"start":{"line":61,"column":8},"end":{"line":63,"column":9}},"11":{"start":{"line":62,"column":10},"end":{"line":62,"column":47}},"12":{"start":{"line":62,"column":34},"end":{"line":62,"column":45}},"13":{"start":{"line":65,"column":8},"end":{"line":67,"column":9}},"14":{"start":{"line":66,"column":10},"end":{"line":66,"column":57}},"15":{"start":{"line":66,"column":34},"end":{"line":66,"column":55}},"16":{"start":{"line":69,"column":8},"end":{"line":71,"column":9}},"17":{"start":{"line":70,"column":10},"end":{"line":70,"column":57}},"18":{"start":{"line":70,"column":34},"end":{"line":70,"column":55}},"19":{"start":{"line":74,"column":8},"end":{"line":87,"column":11}},"20":{"start":{"line":75,"column":24},"end":{"line":75,"column":44}},"21":{"start":{"line":76,"column":24},"end":{"line":76,"column":44}},"22":{"start":{"line":78,"column":10},"end":{"line":80,"column":11}},"23":{"start":{"line":79,"column":12},"end":{"line":79,"column":21}},"24":{"start":{"line":82,"column":10},"end":{"line":84,"column":11}},"25":{"start":{"line":83,"column":12},"end":{"line":83,"column":22}},"26":{"start":{"line":86,"column":10},"end":{"line":86,"column":19}},"27":{"start":{"line":89,"column":8},"end":{"line":89,"column":26}},"28":{"start":{"line":94,"column":6},"end":{"line":94,"column":27}},"29":{"start":{"line":97,"column":4},"end":{"line":97,"column":19}},"30":{"start":{"line":100,"column":2},"end":{"line":176,"column":4}},"31":{"start":{"line":107,"column":12},"end":{"line":107,"column":62}},"32":{"start":{"line":108,"column":12},"end":{"line":108,"column":32}},"33":{"start":{"line":116,"column":12},"end":{"line":116,"column":66}},"34":{"start":{"line":117,"column":12},"end":{"line":117,"column":32}},"35":{"start":{"line":127,"column":12},"end":{"line":127,"column":64}},"36":{"start":{"line":128,"column":12},"end":{"line":128,"column":32}},"37":{"start":{"line":140,"column":29},"end":{"line":140,"column":48}},"38":{"start":{"line":144,"column":30},"end":{"line":144,"column":48}},"39":{"start":{"line":150,"column":10},"end":{"line":172,"column":25}}},"fnMap":{"0":{"name":"(anonymous_0)","decl":{"start":{"line":43,"column":27},"end":{"line":43,"column":28}},"loc":{"start":{"line":43,"column":33},"end":{"line":177,"column":1}},"line":43},"1":{"name":"(anonymous_1)","decl":{"start":{"line":52,"column":12},"end":{"line":52,"column":13}},"loc":{"start":{"line":52,"column":18},"end":{"line":98,"column":3}},"line":52},"2":{"name":"loadPensions","decl":{"start":{"line":53,"column":19},"end":{"line":53,"column":31}},"loc":{"start":{"line":53,"column":49},"end":{"line":95,"column":5}},"line":53},"3":{"name":"(anonymous_3)","decl":{"start":{"line":62,"column":29},"end":{"line":62,"column":30}},"loc":{"start":{"line":62,"column":34},"end":{"line":62,"column":45}},"line":62},"4":{"name":"(anonymous_4)","decl":{"start":{"line":66,"column":29},"end":{"line":66,"column":30}},"loc":{"start":{"line":66,"column":34},"end":{"line":66,"column":55}},"line":66},"5":{"name":"(anonymous_5)","decl":{"start":{"line":70,"column":29},"end":{"line":70,"column":30}},"loc":{"start":{"line":70,"column":34},"end":{"line":70,"column":55}},"line":70},"6":{"name":"(anonymous_6)","decl":{"start":{"line":74,"column":18},"end":{"line":74,"column":19}},"loc":{"start":{"line":74,"column":28},"end":{"line":87,"column":9}},"line":74},"7":{"name":"(anonymous_7)","decl":{"start":{"line":106,"column":19},"end":{"line":106,"column":20}},"loc":{"start":{"line":106,"column":25},"end":{"line":109,"column":11}},"line":106},"8":{"name":"(anonymous_8)","decl":{"start":{"line":115,"column":19},"end":{"line":115,"column":20}},"loc":{"start":{"line":115,"column":25},"end":{"line":118,"column":11}},"line":115},"9":{"name":"(anonymous_9)","decl":{"start":{"line":126,"column":19},"end":{"line":126,"column":20}},"loc":{"start":{"line":126,"column":25},"end":{"line":129,"column":11}},"line":126},"10":{"name":"(anonymous_10)","decl":{"start":{"line":140,"column":23},"end":{"line":140,"column":24}},"loc":{"start":{"line":140,"column":29},"end":{"line":140,"column":48}},"line":140},"11":{"name":"(anonymous_11)","decl":{"start":{"line":144,"column":22},"end":{"line":144,"column":23}},"loc":{"start":{"line":144,"column":30},"end":{"line":144,"column":48}},"line":144},"12":{"name":"(anonymous_12)","decl":{"start":{"line":149,"column":20},"end":{"line":149,"column":21}},"loc":{"start":{"line":150,"column":10},"end":{"line":172,"column":25}},"line":150}},"branchMap":{"0":{"loc":{"start":{"line":54,"column":6},"end":{"line":54,"column":30}},"type":"if","locations":[{"start":{"line":54,"column":6},"end":{"line":54,"column":30}},{"start":{"line":54,"column":6},"end":{"line":54,"column":30}}],"line":54},"1":{"loc":{"start":{"line":61,"column":8},"end":{"line":63,"column":9}},"type":"if","locations":[{"start":{"line":61,"column":8},"end":{"line":63,"column":9}},{"start":{"line":61,"column":8},"end":{"line":63,"column":9}}],"line":61},"2":{"loc":{"start":{"line":65,"column":8},"end":{"line":67,"column":9}},"type":"if","locations":[{"start":{"line":65,"column":8},"end":{"line":67,"column":9}},{"start":{"line":65,"column":8},"end":{"line":67,"column":9}}],"line":65},"3":{"loc":{"start":{"line":69,"column":8},"end":{"line":71,"column":9}},"type":"if","locations":[{"start":{"line":69,"column":8},"end":{"line":71,"column":9}},{"start":{"line":69,"column":8},"end":{"line":71,"column":9}}],"line":69},"4":{"loc":{"start":{"line":78,"column":10},"end":{"line":80,"column":11}},"type":"if","locations":[{"start":{"line":78,"column":10},"end":{"line":80,"column":11}},{"start":{"line":78,"column":10},"end":{"line":80,"column":11}}],"line":78},"5":{"loc":{"start":{"line":82,"column":10},"end":{"line":84,"column":11}},"type":"if","locations":[{"start":{"line":82,"column":10},"end":{"line":84,"column":11}},{"start":{"line":82,"column":10},"end":{"line":84,"column":11}}],"line":82}},"s":{"0":0,"1":0,"2":0,"3":0,"4":0,"5":0,"6":0,"7":0,"8":0,"9":0,"10":0,"11":0,"12":0,"13":0,"14":0,"15":0,"16":0,"17":0,"18":0,"19":0,"20":0,"21":0,"22":0,"23":0,"24":0,"25":0,"26":0,"27":0,"28":0,"29":0,"30":0,"31":0,"32":0,"33":0,"34":0,"35":0,"36":0,"37":0,"38":0,"39":0},"f":{"0":0,"1":0,"2":0,"3":0,"4":0,"5":0,"6":0,"7":0,"8":0,"9":0,"10":0,"11":0,"12":0},"b":{"0":[0,0],"1":[0,0],"2":[0,0],"3":[0,0],"4":[0,0],"5":[0,0]}}
,"C:\\workspace\\Provas\\kinvo-mobile-test\\mobile\\src\\pages\\Stocks\\index.tsx": {"path":"C:\\workspace\\Provas\\kinvo-mobile-test\\mobile\\src\\pages\\Stocks\\index.tsx","statementMap":{"0":{"start":{"line":34,"column":25},"end":{"line":156,"column":1}},"1":{"start":{"line":35,"column":30},"end":{"line":35,"column":56}},"2":{"start":{"line":36,"column":36},"end":{"line":36,"column":58}},"3":{"start":{"line":37,"column":38},"end":{"line":37,"column":52}},"4":{"start":{"line":39,"column":2},"end":{"line":88,"column":38}},"5":{"start":{"line":41,"column":6},"end":{"line":41,"column":30}},"6":{"start":{"line":41,"column":23},"end":{"line":41,"column":30}},"7":{"start":{"line":43,"column":6},"end":{"line":82,"column":7}},"8":{"start":{"line":44,"column":23},"end":{"line":44,"column":63}},"9":{"start":{"line":46,"column":25},"end":{"line":46,"column":36}},"10":{"start":{"line":49,"column":8},"end":{"line":62,"column":11}},"11":{"start":{"line":50,"column":24},"end":{"line":50,"column":44}},"12":{"start":{"line":51,"column":24},"end":{"line":51,"column":44}},"13":{"start":{"line":53,"column":10},"end":{"line":55,"column":11}},"14":{"start":{"line":54,"column":12},"end":{"line":54,"column":21}},"15":{"start":{"line":57,"column":10},"end":{"line":59,"column":11}},"16":{"start":{"line":58,"column":12},"end":{"line":58,"column":22}},"17":{"start":{"line":61,"column":10},"end":{"line":61,"column":19}},"18":{"start":{"line":65,"column":8},"end":{"line":77,"column":11}},"19":{"start":{"line":66,"column":29},"end":{"line":66,"column":60}},"20":{"start":{"line":66,"column":49},"end":{"line":66,"column":59}},"21":{"start":{"line":67,"column":29},"end":{"line":67,"column":60}},"22":{"start":{"line":67,"column":49},"end":{"line":67,"column":59}},"23":{"start":{"line":69,"column":10},"end":{"line":71,"column":11}},"24":{"start":{"line":70,"column":12},"end":{"line":70,"column":21}},"25":{"start":{"line":72,"column":10},"end":{"line":74,"column":11}},"26":{"start":{"line":73,"column":12},"end":{"line":73,"column":22}},"27":{"start":{"line":76,"column":10},"end":{"line":76,"column":19}},"28":{"start":{"line":79,"column":8},"end":{"line":79,"column":24}},"29":{"start":{"line":84,"column":6},"end":{"line":84,"column":27}},"30":{"start":{"line":87,"column":4},"end":{"line":87,"column":17}},"31":{"start":{"line":90,"column":32},"end":{"line":103,"column":3}},"32":{"start":{"line":92,"column":21},"end":{"line":92,"column":50}},"33":{"start":{"line":92,"column":41},"end":{"line":92,"column":49}},"34":{"start":{"line":94,"column":6},"end":{"line":98,"column":7}},"35":{"start":{"line":95,"column":8},"end":{"line":95,"column":54}},"36":{"start":{"line":95,"column":43},"end":{"line":95,"column":51}},"37":{"start":{"line":97,"column":8},"end":{"line":97,"column":41}},"38":{"start":{"line":100,"column":6},"end":{"line":100,"column":26}},"39":{"start":{"line":105,"column":2},"end":{"line":155,"column":4}},"40":{"start":{"line":113,"column":29},"end":{"line":113,"column":48}},"41":{"start":{"line":117,"column":30},"end":{"line":117,"column":48}},"42":{"start":{"line":123,"column":10},"end":{"line":151,"column":23}},"43":{"start":{"line":126,"column":45},"end":{"line":126,"column":75}},"44":{"start":{"line":130,"column":40},"end":{"line":130,"column":53}}},"fnMap":{"0":{"name":"(anonymous_0)","decl":{"start":{"line":34,"column":25},"end":{"line":34,"column":26}},"loc":{"start":{"line":34,"column":31},"end":{"line":156,"column":1}},"line":34},"1":{"name":"(anonymous_1)","decl":{"start":{"line":39,"column":12},"end":{"line":39,"column":13}},"loc":{"start":{"line":39,"column":18},"end":{"line":88,"column":3}},"line":39},"2":{"name":"loadStocks","decl":{"start":{"line":40,"column":19},"end":{"line":40,"column":29}},"loc":{"start":{"line":40,"column":47},"end":{"line":85,"column":5}},"line":40},"3":{"name":"(anonymous_3)","decl":{"start":{"line":49,"column":18},"end":{"line":49,"column":19}},"loc":{"start":{"line":49,"column":28},"end":{"line":62,"column":9}},"line":49},"4":{"name":"(anonymous_4)","decl":{"start":{"line":65,"column":18},"end":{"line":65,"column":19}},"loc":{"start":{"line":65,"column":28},"end":{"line":77,"column":9}},"line":65},"5":{"name":"(anonymous_5)","decl":{"start":{"line":66,"column":44},"end":{"line":66,"column":45}},"loc":{"start":{"line":66,"column":49},"end":{"line":66,"column":59}},"line":66},"6":{"name":"(anonymous_6)","decl":{"start":{"line":67,"column":44},"end":{"line":67,"column":45}},"loc":{"start":{"line":67,"column":49},"end":{"line":67,"column":59}},"line":67},"7":{"name":"(anonymous_7)","decl":{"start":{"line":91,"column":4},"end":{"line":91,"column":5}},"loc":{"start":{"line":91,"column":10},"end":{"line":101,"column":5}},"line":91},"8":{"name":"(anonymous_8)","decl":{"start":{"line":92,"column":36},"end":{"line":92,"column":37}},"loc":{"start":{"line":92,"column":41},"end":{"line":92,"column":49}},"line":92},"9":{"name":"(anonymous_9)","decl":{"start":{"line":95,"column":38},"end":{"line":95,"column":39}},"loc":{"start":{"line":95,"column":43},"end":{"line":95,"column":51}},"line":95},"10":{"name":"(anonymous_10)","decl":{"start":{"line":113,"column":23},"end":{"line":113,"column":24}},"loc":{"start":{"line":113,"column":29},"end":{"line":113,"column":48}},"line":113},"11":{"name":"(anonymous_11)","decl":{"start":{"line":117,"column":22},"end":{"line":117,"column":23}},"loc":{"start":{"line":117,"column":30},"end":{"line":117,"column":48}},"line":117},"12":{"name":"(anonymous_12)","decl":{"start":{"line":122,"column":20},"end":{"line":122,"column":21}},"loc":{"start":{"line":123,"column":10},"end":{"line":151,"column":23}},"line":123},"13":{"name":"(anonymous_13)","decl":{"start":{"line":126,"column":39},"end":{"line":126,"column":40}},"loc":{"start":{"line":126,"column":45},"end":{"line":126,"column":75}},"line":126},"14":{"name":"(anonymous_14)","decl":{"start":{"line":130,"column":35},"end":{"line":130,"column":36}},"loc":{"start":{"line":130,"column":40},"end":{"line":130,"column":53}},"line":130}},"branchMap":{"0":{"loc":{"start":{"line":41,"column":6},"end":{"line":41,"column":30}},"type":"if","locations":[{"start":{"line":41,"column":6},"end":{"line":41,"column":30}},{"start":{"line":41,"column":6},"end":{"line":41,"column":30}}],"line":41},"1":{"loc":{"start":{"line":53,"column":10},"end":{"line":55,"column":11}},"type":"if","locations":[{"start":{"line":53,"column":10},"end":{"line":55,"column":11}},{"start":{"line":53,"column":10},"end":{"line":55,"column":11}}],"line":53},"2":{"loc":{"start":{"line":57,"column":10},"end":{"line":59,"column":11}},"type":"if","locations":[{"start":{"line":57,"column":10},"end":{"line":59,"column":11}},{"start":{"line":57,"column":10},"end":{"line":59,"column":11}}],"line":57},"3":{"loc":{"start":{"line":69,"column":10},"end":{"line":71,"column":11}},"type":"if","locations":[{"start":{"line":69,"column":10},"end":{"line":71,"column":11}},{"start":{"line":69,"column":10},"end":{"line":71,"column":11}}],"line":69},"4":{"loc":{"start":{"line":69,"column":14},"end":{"line":69,"column":39}},"type":"binary-expr","locations":[{"start":{"line":69,"column":14},"end":{"line":69,"column":25}},{"start":{"line":69,"column":29},"end":{"line":69,"column":39}}],"line":69},"5":{"loc":{"start":{"line":72,"column":10},"end":{"line":74,"column":11}},"type":"if","locations":[{"start":{"line":72,"column":10},"end":{"line":74,"column":11}},{"start":{"line":72,"column":10},"end":{"line":74,"column":11}}],"line":72},"6":{"loc":{"start":{"line":72,"column":14},"end":{"line":72,"column":39}},"type":"binary-expr","locations":[{"start":{"line":72,"column":14},"end":{"line":72,"column":24}},{"start":{"line":72,"column":28},"end":{"line":72,"column":39}}],"line":72},"7":{"loc":{"start":{"line":94,"column":6},"end":{"line":98,"column":7}},"type":"if","locations":[{"start":{"line":94,"column":6},"end":{"line":98,"column":7}},{"start":{"line":94,"column":6},"end":{"line":98,"column":7}}],"line":94},"8":{"loc":{"start":{"line":130,"column":20},"end":{"line":132,"column":39}},"type":"cond-expr","locations":[{"start":{"line":131,"column":24},"end":{"line":131,"column":31}},{"start":{"line":132,"column":24},"end":{"line":132,"column":39}}],"line":130}},"s":{"0":0,"1":0,"2":0,"3":0,"4":0,"5":0,"6":0,"7":0,"8":0,"9":0,"10":0,"11":0,"12":0,"13":0,"14":0,"15":0,"16":0,"17":0,"18":0,"19":0,"20":0,"21":0,"22":0,"23":0,"24":0,"25":0,"26":0,"27":0,"28":0,"29":0,"30":0,"31":0,"32":0,"33":0,"34":0,"35":0,"36":0,"37":0,"38":0,"39":0,"40":0,"41":0,"42":0,"43":0,"44":0},"f":{"0":0,"1":0,"2":0,"3":0,"4":0,"5":0,"6":0,"7":0,"8":0,"9":0,"10":0,"11":0,"12":0,"13":0,"14":0},"b":{"0":[0,0],"1":[0,0],"2":[0,0],"3":[0,0],"4":[0,0],"5":[0,0],"6":[0,0],"7":[0,0],"8":[0,0]}}
}
